2026-01-04 19:47:16 - Config file used: /home/danil/scripts/SSH-Hardening-Automation-Script/config.conf
2026-01-04 19:47:16 - Checking privileges
2026-01-04 19:47:16 - Current User is root
2026-01-04 19:47:16 - Sudo package is already installed
2026-01-04 19:47:16 - Installing packages
2026-01-04 19:47:16 - gcc is Installed
2026-01-04 19:47:16 - make is Installed
2026-01-04 19:47:16 - wget is Installed
2026-01-04 19:47:16 - tar is Installed
2026-01-04 19:47:16 - Downloading OpenSSL 3.6.0
2026-01-04 19:47:18 - Checksums Match
2026-01-04 19:47:18 - OpenSSL 3.6.0 Downloaded and verified successfully
2026-01-04 19:47:18 - Creating extraction path /opt/openssl-3.6.0
2026-01-04 19:47:18 - Failed to create /opt/openssl-3.6.0
2026-01-04 19:48:22 - Config file used: /home/danil/scripts/SSH-Hardening-Automation-Script/config.conf
2026-01-04 19:48:22 - Checking privileges
2026-01-04 19:48:22 - Current User is root
2026-01-04 19:48:22 - Sudo package is already installed
2026-01-04 19:48:22 - Installing packages
2026-01-04 19:48:22 - gcc is Installed
2026-01-04 19:48:22 - make is Installed
2026-01-04 19:48:22 - wget is Installed
2026-01-04 19:48:22 - tar is Installed
2026-01-04 19:48:22 - Downloading OpenSSL 3.6.0
2026-01-04 19:48:24 - Checksums Match
2026-01-04 19:48:24 - OpenSSL 3.6.0 Downloaded and verified successfully
2026-01-04 19:48:24 - Creating extraction path /opt/openssl-3.6.0
2026-01-04 19:48:24 - /opt/openssl-3.6.0 created
2026-01-04 19:48:24 - Extracting OpenSSL files to /opt/openssl-3.6.0
2026-01-04 19:48:25 - /opt/openssl-3.6.0.tar.gz extracted to /opt/openssl-3.6.0
2026-01-04 19:48:25 - Creating /opt/openssl
2026-01-04 19:48:25 - /opt/openssl created
2026-01-04 19:48:25 - Building OpenSSL 3.6.0
2026-01-04 19:48:35 - Configuration succeded
2026-01-04 19:48:35 - Building Configurations
2026-01-04 19:52:03 - Build succeded
2026-01-04 19:54:26 - Installation Failed
2026-01-04 19:55:05 - Config file used: /home/danil/scripts/SSH-Hardening-Automation-Script/config.conf
2026-01-04 19:55:05 - Checking privileges
2026-01-04 19:55:05 - Current user is not root
2026-01-04 19:55:05 - Sudo package is installed
2026-01-04 19:55:05 - Installing packages
2026-01-04 19:55:05 - gcc is Installed
2026-01-04 19:55:05 - make is Installed
2026-01-04 19:55:05 - wget is Installed
2026-01-04 19:55:05 - tar is Installed
2026-01-04 19:55:05 - Downloading OpenSSL 3.6.0
2026-01-04 19:55:11 - Download Failed
2026-01-04 19:55:33 - Config file used: /home/danil/scripts/SSH-Hardening-Automation-Script/config.conf
2026-01-04 19:55:33 - Checking privileges
2026-01-04 19:55:33 - Current user is not root
2026-01-04 19:55:33 - Sudo package is installed
2026-01-04 19:55:33 - Installing packages
2026-01-04 19:55:33 - gcc is Installed
2026-01-04 19:55:33 - make is Installed
2026-01-04 19:55:33 - wget is Installed
2026-01-04 19:55:33 - tar is Installed
2026-01-04 19:55:33 - Downloading OpenSSL 3.6.0
2026-01-04 19:55:35 - Checksums Match
2026-01-04 19:55:35 - OpenSSL 3.6.0 Downloaded and verified successfully
2026-01-04 19:55:35 - Creating extraction path /opt/openssl-3.6.0
2026-01-04 19:55:35 - /opt/openssl-3.6.0 created
2026-01-04 19:55:35 - Extracting OpenSSL files to /opt/openssl-3.6.0
2026-01-04 19:55:36 - /opt/openssl-3.6.0.tar.gz extracted to /opt/openssl-3.6.0
2026-01-04 19:55:36 - Creating /opt/openssl
2026-01-04 19:55:36 - /opt/openssl created
2026-01-04 19:55:36 - Building OpenSSL 3.6.0
2026-01-04 19:55:46 - Configuration succeded
2026-01-04 19:55:46 - Building Configurations
2026-01-04 19:59:15 - Build succeded
2026-01-04 20:01:43 - OpenSSL 3.6.0 was installed successfully
